[debug] [2022-08-28T05:02:15.939Z] ----------------------------------------------------------------------
[debug] [2022-08-28T05:02:15.943Z] Command:       C:\Program Files\nodejs\node.exe C:\Users\ongzz\AppData\Roaming\npm\node_modules\firebase-tools\lib\bin\firebase.js init functions
[debug] [2022-08-28T05:02:15.944Z] CLI Version:   11.8.0
[debug] [2022-08-28T05:02:15.945Z] Platform:      win32
[debug] [2022-08-28T05:02:15.945Z] Node Version:  v16.17.0
[debug] [2022-08-28T05:02:15.947Z] Time:          Sun Aug 28 2022 13:02:15 GMT+0800 (Malaysia Time)
[debug] [2022-08-28T05:02:15.947Z] ----------------------------------------------------------------------
[debug] 
[debug] [2022-08-28T05:02:15.968Z] > command requires scopes: ["email","openid","https://www.googleapis.com/auth/cloudplatformprojects.readonly","https://www.googleapis.com/auth/firebase","https://www.googleapis.com/auth/cloud-platform"]
[debug] [2022-08-28T05:02:15.969Z] > authorizing via signed-in user (ongzhizheng@gmail.com)
[info] 
     ######## #### ########  ######## ########     ###     ######  ########
     ##        ##  ##     ## ##       ##     ##  ##   ##  ##       ##
     ######    ##  ########  ######   ########  #########  ######  ######
     ##        ##  ##    ##  ##       ##     ## ##     ##       ## ##
     ##       #### ##     ## ######## ########  ##     ##  ######  ########

You're about to initialize a Firebase project in this directory:

  C:\Users\ongzz\OneDrive\Documents\ongzzzzzz\constella

[info] 
=== Project Setup
[info] 
[info] First, let's associate this project directory with a Firebase project.
[info] You can create multiple project aliases by running firebase use --add, 
[info] but for now we'll just set up a default project.
[info] 
[debug] [2022-08-28T05:02:20.285Z] >>> [apiv2][query] GET https://firebase.googleapis.com/v1beta1/projects pageSize=100
[debug] [2022-08-28T05:02:20.973Z] <<< [apiv2][status] GET https://firebase.googleapis.com/v1beta1/projects 200
[debug] [2022-08-28T05:02:20.973Z] <<< [apiv2][body] GET https://firebase.googleapis.com/v1beta1/projects [omitted]
[info] i  Using project constella-e819c (constella) 
[info] 
=== Functions Setup
[info] 
[info] A functions directory will be created in your project with sample code
[info] pre-configured. Functions can be deployed with firebase deploy.
[info] 
[debug] [2022-08-28T05:02:27.841Z] > command requires scopes: ["email","openid","https://www.googleapis.com/auth/cloudplatformprojects.readonly","https://www.googleapis.com/auth/firebase","https://www.googleapis.com/auth/cloud-platform"]
[debug] [2022-08-28T05:02:27.842Z] > authorizing via signed-in user (ongzhizheng@gmail.com)
[debug] [2022-08-28T05:02:27.842Z] [iam] checking project constella-e819c for permissions ["firebase.projects.get"]
[debug] [2022-08-28T05:02:27.842Z] >>> [apiv2][query] POST https://cloudresourcemanager.googleapis.com/v1/projects/constella-e819c:testIamPermissions [none]
[debug] [2022-08-28T05:02:27.843Z] >>> [apiv2][(partial)header] POST https://cloudresourcemanager.googleapis.com/v1/projects/constella-e819c:testIamPermissions x-goog-quota-user=projects/constella-e819c
[debug] [2022-08-28T05:02:27.843Z] >>> [apiv2][body] POST https://cloudresourcemanager.googleapis.com/v1/projects/constella-e819c:testIamPermissions {"permissions":["firebase.projects.get"]}
[debug] [2022-08-28T05:02:29.013Z] <<< [apiv2][status] POST https://cloudresourcemanager.googleapis.com/v1/projects/constella-e819c:testIamPermissions 200
[debug] [2022-08-28T05:02:29.013Z] <<< [apiv2][body] POST https://cloudresourcemanager.googleapis.com/v1/projects/constella-e819c:testIamPermissions {"permissions":["firebase.projects.get"]}
[debug] [2022-08-28T05:02:29.014Z] >>> [apiv2][query] GET https://serviceusage.googleapis.com/v1/projects/constella-e819c/services/cloudfunctions.googleapis.com [none]
[debug] [2022-08-28T05:02:29.015Z] >>> [apiv2][query] GET https://serviceusage.googleapis.com/v1/projects/constella-e819c/services/runtimeconfig.googleapis.com [none]
[debug] [2022-08-28T05:02:30.451Z] <<< [apiv2][status] GET https://serviceusage.googleapis.com/v1/projects/constella-e819c/services/cloudfunctions.googleapis.com 200
[debug] [2022-08-28T05:02:30.451Z] <<< [apiv2][body] GET https://serviceusage.googleapis.com/v1/projects/constella-e819c/services/cloudfunctions.googleapis.com [omitted]
[debug] [2022-08-28T05:02:30.451Z] >>> [apiv2][query] POST https://serviceusage.googleapis.com/v1/projects/constella-e819c/services/cloudfunctions.googleapis.com:enable [none]
[debug] [2022-08-28T05:02:30.526Z] <<< [apiv2][status] GET https://serviceusage.googleapis.com/v1/projects/constella-e819c/services/runtimeconfig.googleapis.com 200
[debug] [2022-08-28T05:02:30.526Z] <<< [apiv2][body] GET https://serviceusage.googleapis.com/v1/projects/constella-e819c/services/runtimeconfig.googleapis.com [omitted]
[debug] [2022-08-28T05:02:32.195Z] <<< [apiv2][status] POST https://serviceusage.googleapis.com/v1/projects/constella-e819c/services/cloudfunctions.googleapis.com:enable 200
[debug] [2022-08-28T05:02:32.195Z] <<< [apiv2][body] POST https://serviceusage.googleapis.com/v1/projects/constella-e819c/services/cloudfunctions.googleapis.com:enable [omitted]
[debug] [2022-08-28T05:02:42.207Z] >>> [apiv2][query] GET https://serviceusage.googleapis.com/v1/projects/constella-e819c/services/cloudfunctions.googleapis.com [none]
[debug] [2022-08-28T05:02:43.614Z] <<< [apiv2][status] GET https://serviceusage.googleapis.com/v1/projects/constella-e819c/services/cloudfunctions.googleapis.com 200
[debug] [2022-08-28T05:02:43.614Z] <<< [apiv2][body] GET https://serviceusage.googleapis.com/v1/projects/constella-e819c/services/cloudfunctions.googleapis.com [omitted]
[info] +  Wrote functions/package.json 
[info] +  Wrote functions/.eslintrc.js 
[info] +  Wrote functions/index.js 
[info] +  Wrote functions/.gitignore 
[info] 
[info] i  Writing configuration info to firebase.json... 
[info] i  Writing project information to .firebaserc... 
[info] 
[info] +  Firebase initialization complete! 
